<?xml version="1.0" encoding="UTF-8"?>
<!-- Generated by org.testng.reporters.JUnitReportReporter -->
<testsuite hostname="DESKTOP-AAIO3JI" failures="0" tests="1" name="testcases.signuptestcase" time="11.618" errors="0" timestamp="2023-02-12T16:55:23 IST" skipped="0">
  <testcase classname="testcases.signuptestcase" name="Signup" time="11.618"/>
  <system-out/>
</testsuite> <!-- testcases.signuptestcase -->
