<?xml version="1.0" encoding="UTF-8"?>
<!-- Generated by org.testng.reporters.JUnitReportReporter -->
<testsuite hostname="DESKTOP-AAIO3JI" failures="0" tests="1" name="testcases.signuptestcase" time="14.140" errors="0" timestamp="2023-03-24T14:31:14 IST" skipped="0">
  <testcase classname="testcases.signuptestcase" name="Signup" time="14.140"/>
  <system-out/>
</testsuite> <!-- testcases.signuptestcase -->
