<?xml version="1.0" encoding="UTF-8"?>
<!-- Generated by org.testng.reporters.JUnitReportReporter -->
<testsuite hostname="DESKTOP-AAIO3JI" failures="0" tests="2" name="testcases.logintestcase" time="22.047" errors="0" timestamp="2023-03-24T14:28:15 IST" skipped="0">
  <testcase classname="testcases.logintestcase" name="login" time="9.533"/>
  <system-out/>
  <testcase classname="testcases.logintestcase" name="login" time="12.514"/>
  <system-out/>
</testsuite> <!-- testcases.logintestcase -->
